<html>
<body>
<pre>
<h1>µVision Build Log</h1>
<h2>Project:</h2>
C:\Users\Aswin\Documents\MCES LAB\lab.uvproj
Project File Date:  05/10/2021

<h2>Output:</h2>
Build target 'Target 1'
linking...
Program Size: Code=192 RO-data=0 RW-data=0 ZI-data=0  
".\lab.axf" - 0 Error(s), 0 Warning(s).
</pre>
</body>
</html>
mvn.s...
assembling loadstore8.s...
assembling loadstore14.s...
linking...
Program Size: Code=192 RO-data=0 RW-data=0 ZI-data=0  
".\lab.axf" - 0 Error(s), 0 Warning(s).
assembling loadstore14.s...
"loadstore14.s" - 0 Error(s), 0 Warning(s).
ame symbol, expected Integer register
"loadstore8.s" - 1 Error(s), 0 Warning(s).
assembling loadstore8.s...
loadstore8.s(4): error: A1647E: Bad register name symbol, expected Integer register
"loadstore8.s" - 1 Error(s), 0 Warning(s).
assembling loadstore8.s...
loadstore8.s(4): error: A1647E: Bad register name symbol, expected Integer register
"loadstore8.s" - 1 Error(s), 0 Warning(s).
assembling loadstore8.s...
loadstore8.s(4): error: A1647E: Bad register name symbol, expected Integer register
"loadstore8.s" - 1 Error(s), 0 Warning(s).
assembling loadstore8.s...
"loadstore8.s" - 0 Error(s), 0 Warning(s).
.s(7): error: A1163E: Unknown opcode R1,[R2] , expecting opcode or Macro
loadstore14.s(10): warning: A1447W: Missing END directive at end of file, but found a label named END
"loadstore14.s" - 4 Error(s), 1 Warning(s).
assembling loadstore8.s...
loadstore8.s(4): error: A1163E: Unknown opcode R0, , expecting opcode or Macro
loadstore8.s(5): error: A1163E: Unknown opcode R1,[R0] , expecting opcode or Macro
loadstore8.s(6): error: A1163E: Unknown opcode R2,=0x40000050 , expecting opcode or Macro
loadstore8.s(7): error: A1163E: Unknown opcode R1,[R2] , expecting opcode or Macro
loadstore8.s(10): warning: A1447W: Missing END directive at end of file, but found a label named END
"loadstore8.s" - 4 Error(s), 1 Warning(s).
assembling mvn.s...
"mvn.s" - 0 Error(s), 0 Warning(s).
assembling loadstore8.s...
loadstore8.s(4): error: A1163E: Unknown opcode R0, , expecting opcode or Macro
loadstore8.s(5): error: A1163E: Unknown opcode R1,[R0] , expecting opcode or Macro
loadstore8.s(6): error: A1163E: Unknown opcode R2,=0x40000050 , expecting opcode or Macro
loadstore8.s(7): error: A1163E: Unknown opcode R1,[R2] , expecting opcode or Macro
loadstore8.s(10): warning: A1447W: Missing END directive at end of file, but found a label named END
"loadstore8.s" - 4 Error(s), 1 Warning(s).
assembling loadstore8.s...
loadstore8.s(4): error: A1163E: Unknown opcode R0, , expecting opcode or Macro
loadstore8.s(5): error: A1163E: Unknown opcode R1,[R0] , expecting opcode or Macro
loadstore8.s(6): error: A1163E: Unknown opcode R2,=0x40000050 , expecting opcode or Macro
loadstore8.s(7): error: A1163E: Unknown opcode R1,[R2] , expecting opcode or Macro
loadstore8.s(10): warning: A1447W: Missing END directive at end of file, but found a label named END
"loadstore8.s" - 4 Error(s), 1 Warning(s).
assembling loadstore8.s...
loadstore8.s(4): error: A1163E: Unknown opcode R0, , expecting opcode or Macro
loadstore8.s(5): error: A1163E: Unknown opcode R1,[R0] , expecting opcode or Macro
loadstore8.s(6): error: A1163E: Unknown opcode R2,=0x40000050 , expecting opcode or Macro
loadstore8.s(7): error: A1163E: Unknown opcode R1,[R2] , expecting opcode or Macro
loadstore8.s(10): warning: A1447W: Missing END directive at end of file, but found a label named END
"loadstore8.s" - 4 Error(s), 1 Warning(s).
assembling loadstore8.s...
"loadstore8.s" - 0 Error(s), 0 Warning(s).
assembling loadstore8.s...
"loadstore8.s" - 0 Error(s), 0 Warning(s).
assembling loadstore14.s...
"loadstore14.s" - 0 Error(s), 0 Warning(s).
